#
# A fatal error has been detected by the Java Runtime Environment:
#
#  EXCEPTION_ACCESS_VIOLATION (0xc0000005) at pc=0x0000000000000000, pid=12852, tid=0x00000000000032e4
#
# JRE version: OpenJDK Runtime Environment (8.0_152-b06) (build 1.8.0_152-release-1136-b06)
# Java VM: OpenJDK 64-Bit Server VM (25.152-b06 mixed mode windows-amd64 compressed oops)
# Problematic frame:
# C  0x0000000000000000
#
# Failed to write core dump. Minidumps are not enabled by default on client versions of Windows
#
# If you would like to submit a bug report, please visit:
#   http://bugreport.java.com/bugreport/crash.jsp
#

---------------  T H R E A D  ---------------

Current thread (0x00000000029bb800):  GCTaskThread [stack: 0x0000000012570000,0x0000000012670000] [id=13028]

siginfo: ExceptionCode=0xc0000005, ExceptionInformation=0x0000000000000008 0x0000000000000000

Registers:
RAX=0x0000000015a70028, RBX=0x00000000fd8cece8, RCX=0x00000001005df0e8, RDX=0x00000000163d3380
RSP=0x000000001266f788, RBP=0x00000000000001d5, RSI=0x00000000163d3380, RDI=0x00000000f10dff70
R8 =0x00000000f10dff70, R9 =0x00000001005df0e8, R10=0x00000000fd8cfb90, R11=0x00000000f10dff70
R12=0x0000000011e71b05, R13=0x0000000000000019, R14=0x0000000000000000, R15=0x00000000029b42a0
RIP=0x0000000000000000, EFLAGS=0x0000000000010203

Top of Stack: (sp=0x000000001266f788)
0x000000001266f788:   0000000056a6ccb1 0000000000000021
0x000000001266f798:   0000000000000006 00000000163d3380
0x000000001266f7a8:   0000000056cb6050 00000000f10ddfa8
0x000000001266f7b8:   0000000000001000 00000000a3aea4b8
0x000000001266f7c8:   0000000000000400 0000000000000000
0x000000001266f7d8:   00000000163d3300 0000000011e71b05
0x000000001266f7e8:   0000000056a6cda0 00000000f10dff60
0x000000001266f7f8:   0000000011e71b81 00000000163d3380
0x000000001266f808:   00000000a2370000 00000000f10dff60
0x000000001266f818:   0000000056a6d945 00000000fd8304b0
0x000000001266f828:   0000000011e71b81 00000000163d3380
0x000000001266f838:   0000000000000006 00000000163d3380
0x000000001266f848:   0000000056766e7a 00000000a0b64c54
0x000000001266f858:   000000005678f830 00000000163d3380
0x000000001266f868:   000000005678d903 00000000a182ffc5
0x000000001266f878:   00000000a182ffc5 00000000a236f998 

Instructions: (pc=0x0000000000000000)
0xffffffffffffffe0:   


Register to memory mapping:

RAX=0x0000000015a70028 is pointing into metadata
RBX=0x00000000fd8cece8 is an oop

[error occurred during error reporting (printing register info), id 0xc0000005]

Stack: [0x0000000012570000,0x0000000012670000],  sp=0x000000001266f788,  free space=1021k
Native frames: (J=compiled Java code, j=interpreted, Vv=VM code, C=native code)


---------------  P R O C E S S  ---------------

Java Threads: ( => current thread )
  0x000000001e48d000 JavaThread "RMI RenewClean-[127.0.0.1:56495,org.jetbrains.kotlin.daemon.common.LoopbackNetworkInterface$ClientLoopbackSocketFactory@7a8c7a26]" daemon [_thread_blocked, id=10644, stack(0x000000002a8d0000,0x000000002a9d0000)]
  0x000000001e490800 JavaThread "RMI RenewClean-[127.0.0.1:56495,org.jetbrains.kotlin.daemon.common.LoopbackNetworkInterface$ClientLoopbackSocketFactory@61b9d458]" daemon [_thread_blocked, id=3936, stack(0x000000002a7d0000,0x000000002a8d0000)]
  0x000000001e48a800 JavaThread "RMI TCP Connection(109)-127.0.0.1" daemon [_thread_in_native, id=13472, stack(0x000000002a5d0000,0x000000002a6d0000)]
  0x000000001e488800 JavaThread "RMI TCP Connection(110)-127.0.0.1" daemon [_thread_in_native, id=996, stack(0x000000002a3d0000,0x000000002a4d0000)]
  0x000000001a40b000 JavaThread "RMI RenewClean-[127.0.0.1:56495,org.jetbrains.kotlin.daemon.common.LoopbackNetworkInterface$ClientLoopbackSocketFactory@76ba9e27]" daemon [_thread_blocked, id=11276, stack(0x000000002a0d0000,0x000000002a1d0000)]
  0x000000001d57e800 JavaThread "RMI TCP Connection(111)-127.0.0.1" daemon [_thread_blocked, id=76, stack(0x0000000029cd0000,0x0000000029dd0000)]
  0x00000000185e4800 JavaThread "RMI Scheduler(0)" daemon [_thread_blocked, id=4416, stack(0x00000000197f0000,0x00000000198f0000)]
  0x000000000299e800 JavaThread "DestroyJavaVM" [_thread_blocked, id=10704, stack(0x0000000002870000,0x0000000002970000)]
  0x0000000018557000 JavaThread "GC Daemon" daemon [_thread_blocked, id=8280, stack(0x00000000192b0000,0x00000000193b0000)]
  0x00000000185ac800 JavaThread "RMI Reaper" [_thread_blocked, id=204, stack(0x00000000191b0000,0x00000000192b0000)]
  0x000000001816e000 JavaThread "Timer-0" daemon [_thread_blocked, id=13756, stack(0x0000000018fb0000,0x00000000190b0000)]
  0x0000000018168800 JavaThread "RMI TCP Accept-17581" daemon [_thread_in_native, id=13144, stack(0x0000000018eb0000,0x0000000018fb0000)]
  0x0000000017d98800 JavaThread "Service Thread" daemon [_thread_blocked, id=12724, stack(0x0000000018170000,0x0000000018270000)]
  0x000000001641a800 JavaThread "C1 CompilerThread2" daemon [_thread_blocked, id=8724, stack(0x0000000017c70000,0x0000000017d70000)]
  0x0000000016414000 JavaThread "C2 CompilerThread1" daemon [_thread_blocked, id=14908, stack(0x0000000017b70000,0x0000000017c70000)]
  0x0000000016410000 JavaThread "C2 CompilerThread0" daemon [_thread_blocked, id=2772, stack(0x0000000017a70000,0x0000000017b70000)]
  0x000000001640e000 JavaThread "Attach Listener" daemon [_thread_blocked, id=6768, stack(0x0000000017970000,0x0000000017a70000)]
  0x000000001640c800 JavaThread "Signal Dispatcher" daemon [_thread_blocked, id=11740, stack(0x0000000017870000,0x0000000017970000)]
  0x0000000002a9e800 JavaThread "Finalizer" daemon [_thread_blocked, id=10384, stack(0x0000000017670000,0x0000000017770000)]
  0x0000000002a93000 JavaThread "Reference Handler" daemon [_thread_blocked, id=12424, stack(0x0000000017570000,0x0000000017670000)]

Other Threads:
  0x00000000163d6000 VMThread [stack: 0x0000000017470000,0x0000000017570000] [id=15040]
  0x0000000017d9b000 WatcherThread [stack: 0x0000000018270000,0x0000000018370000] [id=10976]

=>0x00000000029bb800 (exited) GCTaskThread [stack: 0x0000000012570000,0x0000000012670000] [id=13028]

VM state:at safepoint (normal execution)

VM Mutex/Monitor currently owned by a thread:  ([mutex/lock_event])
[0x00000000029a0a50] Threads_lock - owner thread: 0x00000000163d6000
[0x00000000029a0650] Heap_lock - owner thread: 0x000000001d57e800

Heap:
 PSYoungGen      total 324608K, used 304243K [0x00000000e0000000, 0x0000000100000000, 0x0000000100000000)
  eden space 175104K, 100% used [0x00000000e0000000,0x00000000eab00000,0x00000000eab00000)
  from space 149504K, 86% used [0x00000000f6e00000,0x00000000fec1cd58,0x0000000100000000)
  to   space 174592K, 91% used [0x00000000eab00000,0x00000000f47519f0,0x00000000f5580000)
 ParOldGen       total 260608K, used 64039K [0x00000000a0000000, 0x00000000afe80000, 0x00000000e0000000)
  object space 260608K, 24% used [0x00000000a0000000,0x00000000a3e89f08,0x00000000afe80000)
 Metaspace       used 95407K, capacity 97992K, committed 99096K, reserved 1136640K
  class space    used 10781K, capacity 11455K, committed 12328K, reserved 1048576K

Card table byte_map: [0x0000000011e60000,0x0000000012170000] byte_map_base: 0x0000000011960000

Marking Bits: (ParMarkBitMap*) 0x0000000056e65aa0
 Begin Bits: [0x0000000012770000, 0x0000000013f70000)
 End Bits:   [0x0000000013f70000, 0x0000000015770000)

Polling page: 0x00000000007d0000

CodeCache: size=245760Kb used=65414Kb max_used=65458Kb free=180346Kb
 bounds [0x0000000002aa0000, 0x0000000006b00000, 0x0000000011aa0000]
 total_blobs=17514 nmethods=16951 adapters=473
 compilation: enabled

Compilation events (10 events):
Event: 9514.911 Thread 0x0000000016414000 nmethod 23396 0x000000000484a810 code [0x000000000484a9a0, 0x000000000484aec8]
Event: 9514.925 Thread 0x000000001641a800 23398       3       java.io.RandomAccessFile::<init> (248 bytes)
Event: 9514.927 Thread 0x000000001641a800 nmethod 23398 0x0000000006aea310 code [0x0000000006aea620, 0x0000000006aebfb8]
Event: 9514.930 Thread 0x0000000016414000 23399       4       com.sun.tools.javac.comp.Attr::visitLiteral (31 bytes)
Event: 9514.934 Thread 0x000000001641a800 23403       3       com.sun.tools.javac.code.Symbol::isStatic (64 bytes)
Event: 9514.934 Thread 0x000000001641a800 nmethod 23403 0x000000000455ff10 code [0x00000000045600a0, 0x00000000045604d8]
Event: 9514.934 Thread 0x000000001641a800 23404       3       com.sun.tools.javac.comp.Resolve::reportVerboseResolutionDiagnostic (479 bytes)
Event: 9514.936 Thread 0x0000000016414000 nmethod 23399 0x0000000002fdc810 code [0x0000000002fdc980, 0x0000000002fdcce8]
Event: 9514.936 Thread 0x0000000016414000 23402       4       com.sun.tools.javac.comp.Annotate::enterAnnotation (659 bytes)
Event: 9514.938 Thread 0x000000001641a800 nmethod 23404 0x0000000006af9490 code [0x0000000006af99a0, 0x0000000006afcd48]

GC Heap History (10 events):
Event: 9259.349 GC heap after
Heap after GC invocations=37 (full 7):
 PSYoungGen      total 408064K, used 27621K [0x00000000e0000000, 0x0000000100000000, 0x0000000100000000)
  eden space 288256K, 0% used [0x00000000e0000000,0x00000000e0000000,0x00000000f1980000)
  from space 119808K, 23% used [0x00000000f8b00000,0x00000000fa5f9660,0x0000000100000000)
  to   space 116224K, 0% used [0x00000000f1980000,0x00000000f1980000,0x00000000f8b00000)
 ParOldGen       total 260608K, used 24623K [0x00000000a0000000, 0x00000000afe80000, 0x00000000e0000000)
  object space 260608K, 9% used [0x00000000a0000000,0x00000000a180bf88,0x00000000afe80000)
 Metaspace       used 86200K, capacity 88474K, committed 97048K, reserved 1134592K
  class space    used 9673K, capacity 10198K, committed 12328K, reserved 1048576K
}
Event: 9421.366 GC heap before
{Heap before GC invocations=38 (full 7):
 PSYoungGen      total 408064K, used 315877K [0x00000000e0000000, 0x0000000100000000, 0x0000000100000000)
  eden space 288256K, 100% used [0x00000000e0000000,0x00000000f1980000,0x00000000f1980000)
  from space 119808K, 23% used [0x00000000f8b00000,0x00000000fa5f9660,0x0000000100000000)
  to   space 116224K, 0% used [0x00000000f1980000,0x00000000f1980000,0x00000000f8b00000)
 ParOldGen       total 260608K, used 24623K [0x00000000a0000000, 0x00000000afe80000, 0x00000000e0000000)
  object space 260608K, 9% used [0x00000000a0000000,0x00000000a180bf88,0x00000000afe80000)
 Metaspace       used 87841K, capacity 90240K, committed 97048K, reserved 1134592K
  class space    used 9861K, capacity 10447K, committed 12328K, reserved 1048576K
Event: 9421.410 GC heap after
Heap after GC invocations=38 (full 7):
 PSYoungGen      total 326656K, used 38199K [0x00000000e0000000, 0x00000000ff180000, 0x0000000100000000)
  eden space 288256K, 0% used [0x00000000e0000000,0x00000000e0000000,0x00000000f1980000)
  from space 38400K, 99% used [0x00000000f1980000,0x00000000f3ecdc90,0x00000000f3f00000)
  to   space 110592K, 0% used [0x00000000f8580000,0x00000000f8580000,0x00000000ff180000)
 ParOldGen       total 260608K, used 24631K [0x00000000a0000000, 0x00000000afe80000, 0x00000000e0000000)
  object space 260608K, 9% used [0x00000000a0000000,0x00000000a180df88,0x00000000afe80000)
 Metaspace       used 87841K, capacity 90240K, committed 97048K, reserved 1134592K
  class space    used 9861K, capacity 10447K, committed 12328K, reserved 1048576K
}
Event: 9422.701 GC heap before
{Heap before GC invocations=39 (full 7):
 PSYoungGen      total 326656K, used 326455K [0x00000000e0000000, 0x00000000ff180000, 0x0000000100000000)
  eden space 288256K, 100% used [0x00000000e0000000,0x00000000f1980000,0x00000000f1980000)
  from space 38400K, 99% used [0x00000000f1980000,0x00000000f3ecdc90,0x00000000f3f00000)
  to   space 110592K, 0% used [0x00000000f8580000,0x00000000f8580000,0x00000000ff180000)
 ParOldGen       total 260608K, used 24631K [0x00000000a0000000, 0x00000000afe80000, 0x00000000e0000000)
  object space 260608K, 9% used [0x00000000a0000000,0x00000000a180df88,0x00000000afe80000)
 Metaspace       used 92135K, capacity 94560K, committed 97048K, reserved 1134592K
  class space    used 10406K, capacity 10991K, committed 12328K, reserved 1048576K
Event: 9423.040 GC heap after
Heap after GC invocations=39 (full 7):
 PSYoungGen      total 353280K, used 110566K [0x00000000e0000000, 0x0000000100000000, 0x0000000100000000)
  eden space 242688K, 0% used [0x00000000e0000000,0x00000000e0000000,0x00000000eed00000)
  from space 110592K, 99% used [0x00000000f8580000,0x00000000ff1799b0,0x00000000ff180000)
  to   space 140800K, 0% used [0x00000000eed00000,0x00000000eed00000,0x00000000f7680000)
 ParOldGen       total 260608K, used 58785K [0x00000000a0000000, 0x00000000afe80000, 0x00000000e0000000)
  object space 260608K, 22% used [0x00000000a0000000,0x00000000a3968478,0x00000000afe80000)
 Metaspace       used 92135K, capacity 94560K, committed 97048K, reserved 1134592K
  class space    used 10406K, capacity 10991K, committed 12328K, reserved 1048576K
}
Event: 9440.737 GC heap before
{Heap before GC invocations=40 (full 7):
 PSYoungGen      total 353280K, used 353254K [0x00000000e0000000, 0x0000000100000000, 0x0000000100000000)
  eden space 242688K, 100% used [0x00000000e0000000,0x00000000eed00000,0x00000000eed00000)
  from space 110592K, 99% used [0x00000000f8580000,0x00000000ff1799b0,0x00000000ff180000)
  to   space 140800K, 0% used [0x00000000eed00000,0x00000000eed00000,0x00000000f7680000)
 ParOldGen       total 260608K, used 58785K [0x00000000a0000000, 0x00000000afe80000, 0x00000000e0000000)
  object space 260608K, 22% used [0x00000000a0000000,0x00000000a3968478,0x00000000afe80000)
 Metaspace       used 93043K, capacity 95508K, committed 97048K, reserved 1134592K
  class space    used 10510K, capacity 11135K, committed 12328K, reserved 1048576K
Event: 9440.832 GC heap after
Heap after GC invocations=40 (full 7):
 PSYoungGen      total 374784K, used 131696K [0x00000000e0000000, 0x0000000100000000, 0x0000000100000000)
  eden space 242688K, 0% used [0x00000000e0000000,0x00000000e0000000,0x00000000eed00000)
  from space 132096K, 99% used [0x00000000eed00000,0x00000000f6d9c058,0x00000000f6e00000)
  to   space 149504K, 0% used [0x00000000f6e00000,0x00000000f6e00000,0x0000000100000000)
 ParOldGen       total 260608K, used 58793K [0x00000000a0000000, 0x00000000afe80000, 0x00000000e0000000)
  object space 260608K, 22% used [0x00000000a0000000,0x00000000a396a478,0x00000000afe80000)
 Metaspace       used 93043K, capacity 95508K, committed 97048K, reserved 1134592K
  class space    used 10510K, capacity 11135K, committed 12328K, reserved 1048576K
}
Event: 9513.515 GC heap before
{Heap before GC invocations=41 (full 7):
 PSYoungGen      total 374784K, used 374384K [0x00000000e0000000, 0x0000000100000000, 0x0000000100000000)
  eden space 242688K, 100% used [0x00000000e0000000,0x00000000eed00000,0x00000000eed00000)
  from space 132096K, 99% used [0x00000000eed00000,0x00000000f6d9c058,0x00000000f6e00000)
  to   space 149504K, 0% used [0x00000000f6e00000,0x00000000f6e00000,0x0000000100000000)
 ParOldGen       total 260608K, used 58793K [0x00000000a0000000, 0x00000000afe80000, 0x00000000e0000000)
  object space 260608K, 22% used [0x00000000a0000000,0x00000000a396a478,0x00000000afe80000)
 Metaspace       used 94349K, capacity 96868K, committed 98072K, reserved 1134592K
  class space    used 10658K, capacity 11311K, committed 12328K, reserved 1048576K
Event: 9513.612 GC heap after
Heap after GC invocations=41 (full 7):
 PSYoungGen      total 324608K, used 129139K [0x00000000e0000000, 0x0000000100000000, 0x0000000100000000)
  eden space 175104K, 0% used [0x00000000e0000000,0x00000000e0000000,0x00000000eab00000)
  from space 149504K, 86% used [0x00000000f6e00000,0x00000000fec1cd58,0x0000000100000000)
  to   space 174592K, 0% used [0x00000000eab00000,0x00000000eab00000,0x00000000f5580000)
 ParOldGen       total 260608K, used 58801K [0x00000000a0000000, 0x00000000afe80000, 0x00000000e0000000)
  object space 260608K, 22% used [0x00000000a0000000,0x00000000a396c478,0x00000000afe80000)
 Metaspace       used 94349K, capacity 96868K, committed 98072K, reserved 1134592K
  class space    used 10658K, capacity 11311K, committed 12328K, reserved 1048576K
}
Event: 9514.947 GC heap before
{Heap before GC invocations=42 (full 7):
 PSYoungGen      total 324608K, used 304243K [0x00000000e0000000, 0x0000000100000000, 0x0000000100000000)
  eden space 175104K, 100% used [0x00000000e0000000,0x00000000eab00000,0x00000000eab00000)
  from space 149504K, 86% used [0x00000000f6e00000,0x00000000fec1cd58,0x0000000100000000)
  to   space 174592K, 0% used [0x00000000eab00000,0x00000000eab00000,0x00000000f5580000)
 ParOldGen       total 260608K, used 58801K [0x00000000a0000000, 0x00000000afe80000, 0x00000000e0000000)
  object space 260608K, 22% used [0x00000000a0000000,0x00000000a396c478,0x00000000afe80000)
 Metaspace       used 95407K, capacity 97992K, committed 99096K, reserved 1136640K
  class space    used 10781K, capacity 11455K, committed 12328K, reserved 1048576K

Deoptimization events (10 events):
Event: 9442.618 Thread 0x000000001e48a800 Uncommon trap: reason=class_check action=maybe_recompile pc=0x0000000002fdede4 method=org.jetbrains.kotlin.descriptors.annotations.AnnotationUtilKt.isReifiable(Lorg/jetbrains/kotlin/descriptors/CallableMemberDescriptor;)Z @ 13
Event: 9442.618 Thread 0x000000001e48a800 Uncommon trap: reason=class_check action=maybe_recompile pc=0x0000000002fdede4 method=org.jetbrains.kotlin.descriptors.annotations.AnnotationUtilKt.isReifiable(Lorg/jetbrains/kotlin/descriptors/CallableMemberDescriptor;)Z @ 13
Event: 9442.618 Thread 0x000000001e48a800 Uncommon trap: reason=class_check action=maybe_recompile pc=0x0000000002fdede4 method=org.jetbrains.kotlin.descriptors.annotations.AnnotationUtilKt.isReifiable(Lorg/jetbrains/kotlin/descriptors/CallableMemberDescriptor;)Z @ 13
Event: 9442.618 Thread 0x000000001e48a800 Uncommon trap: reason=class_check action=maybe_recompile pc=0x0000000002fdede4 method=org.jetbrains.kotlin.descriptors.annotations.AnnotationUtilKt.isReifiable(Lorg/jetbrains/kotlin/descriptors/CallableMemberDescriptor;)Z @ 13
Event: 9513.630 Thread 0x000000001e488800 Uncommon trap: reason=unstable_if action=reinterpret pc=0x0000000006080e60 method=org.jetbrains.kotlin.resolve.QualifiedExpressionResolver.storeResult(Lorg/jetbrains/kotlin/resolve/BindingTrace;Lorg/jetbrains/kotlin/psi/KtSimpleNameExpression;Lorg/jetbrai
Event: 9513.633 Thread 0x000000001e488800 Uncommon trap: reason=unstable_if action=reinterpret pc=0x0000000004258660 method=org.jetbrains.kotlin.resolve.OverridingUtil.findMaxVisibility(Ljava/util/Collection;)Lorg/jetbrains/kotlin/descriptors/Visibility; @ 6
Event: 9513.636 Thread 0x000000001e488800 Uncommon trap: reason=unstable_if action=reinterpret pc=0x000000000384a0ac method=org.jetbrains.kotlin.types.ErrorUtils.isError(Lorg/jetbrains/kotlin/descriptors/DeclarationDescriptor;)Z @ 10
Event: 9513.640 Thread 0x000000001e488800 Uncommon trap: reason=null_check action=make_not_entrant pc=0x0000000006aaa4f0 method=org.jetbrains.kotlin.resolve.calls.checkers.ConstructorHeaderCallChecker.check(Lorg/jetbrains/kotlin/resolve/calls/model/ResolvedCall;Lorg/jetbrains/kotlin/com/intellij/
Event: 9513.640 Thread 0x000000001e488800 Uncommon trap: reason=unstable_if action=reinterpret pc=0x0000000006815a80 method=org.jetbrains.kotlin.types.expressions.DataFlowAnalyzer.checkTypeInternal(Lorg/jetbrains/kotlin/types/KotlinType;Lorg/jetbrains/kotlin/psi/KtExpression;Lorg/jetbrains/kotlin
Event: 9513.640 Thread 0x000000001e488800 Uncommon trap: reason=class_check action=maybe_recompile pc=0x0000000005df7fc0 method=org.jetbrains.kotlin.resolve.calls.smartcasts.IdentifierInfoKt.getIdForStableIdentifier(Lorg/jetbrains/kotlin/psi/KtExpression;Lorg/jetbrains/kotlin/resolve/BindingConte

Classes redefined (0 events):
No events

Internal exceptions (10 events):
Event: 9441.654 Thread 0x000000001e48a800 Exception <a 'java/io/FileNotFoundException'> (0x00000000e23e9fb0) thrown at [D:\src\AOSP-openjdk-cygwin\jdk8u\hotspot\src\share\vm\prims\jni.cpp, line 709]
Event: 9513.059 Thread 0x000000001e490800 Exception <a 'java/lang/InterruptedException'> (0x00000000eb2ed838) thrown at [D:\src\AOSP-openjdk-cygwin\jdk8u\hotspot\src\share\vm\runtime\objectMonitor.cpp, line 1684]
Event: 9513.088 Thread 0x000000001e488800 Exception <a 'java/io/FileNotFoundException'> (0x00000000eb3df170) thrown at [D:\src\AOSP-openjdk-cygwin\jdk8u\hotspot\src\share\vm\prims\jni.cpp, line 709]
Event: 9513.088 Thread 0x000000001e488800 Exception <a 'sun/nio/fs/WindowsException'> (0x00000000eb3e0798) thrown at [D:\src\AOSP-openjdk-cygwin\jdk8u\hotspot\src\share\vm\prims\jni.cpp, line 709]
Event: 9513.092 Thread 0x000000001e488800 Exception <a 'sun/nio/fs/WindowsException'> (0x00000000eb3e42f0) thrown at [D:\src\AOSP-openjdk-cygwin\jdk8u\hotspot\src\share\vm\prims\jni.cpp, line 709]
Event: 9513.092 Thread 0x000000001e488800 Exception <a 'java/io/FileNotFoundException'> (0x00000000eb3e5610) thrown at [D:\src\AOSP-openjdk-cygwin\jdk8u\hotspot\src\share\vm\prims\jni.cpp, line 709]
Event: 9513.092 Thread 0x000000001e488800 Exception <a 'java/io/FileNotFoundException'> (0x00000000eb3e6e58) thrown at [D:\src\AOSP-openjdk-cygwin\jdk8u\hotspot\src\share\vm\prims\jni.cpp, line 709]
Event: 9513.630 Thread 0x000000001e488800 Implicit null exception at 0x000000000607fe69 to 0x0000000006080e42
Event: 9513.640 Thread 0x000000001e488800 Implicit null exception at 0x0000000006aa98ff to 0x0000000006aaa4d9
Event: 9514.074 Thread 0x000000001e48d000 Exception <a 'java/lang/InterruptedException'> (0x00000000e0cb20a8) thrown at [D:\src\AOSP-openjdk-cygwin\jdk8u\hotspot\src\share\vm\runtime\objectMonitor.cpp, line 1684]

Events (10 events):
Event: 9514.623 loading class org/jetbrains/kotlin/kapt3/base/ProcessorWrapper done
Event: 9514.638 loading class com/sun/tools/javac/comp/CompileStates$CompileState
Event: 9514.638 loading class com/sun/tools/javac/comp/CompileStates$CompileState done
Event: 9514.815 loading class com/sun/tools/javac/tree/JCTree$JCCompilationUnit
Event: 9514.815 loading class com/sun/tools/javac/tree/JCTree$JCCompilationUnit done
Event: 9514.815 loading class kotlin/TuplesKt
Event: 9514.815 loading class kotlin/TuplesKt done
Event: 9514.815 loading class org/jetbrains/kotlin/kapt3/base/JavacListUtilsKt
Event: 9514.815 loading class org/jetbrains/kotlin/kapt3/base/JavacListUtilsKt done
Event: 9514.947 Executing VM operation: ParallelGCFailedAllocation


Dynamic libraries:
0x00007ff645e50000 - 0x00007ff645e81000 	C:\Android Studio SDK\jre\jre\bin\java.exe
0x00007ffc25a20000 - 0x00007ffc25c0d000 	C:\WINDOWS\SYSTEM32\ntdll.dll
0x00007ffc23390000 - 0x00007ffc23443000 	C:\WINDOWS\System32\KERNEL32.DLL
0x00007ffc225b0000 - 0x00007ffc22843000 	C:\WINDOWS\System32\KERNELBASE.dll
0x00007ffc25340000 - 0x00007ffc253e3000 	C:\WINDOWS\System32\ADVAPI32.dll
0x00007ffc22c50000 - 0x00007ffc22cee000 	C:\WINDOWS\System32\msvcrt.dll
0x00007ffc253f0000 - 0x00007ffc2548e000 	C:\WINDOWS\System32\sechost.dll
0x00007ffc23060000 - 0x00007ffc23183000 	C:\WINDOWS\System32\RPCRT4.dll
0x00007ffc23190000 - 0x00007ffc23327000 	C:\WINDOWS\System32\USER32.dll
0x00007ffc22b90000 - 0x00007ffc22bb0000 	C:\WINDOWS\System32\win32u.dll
0x00007ffc23030000 - 0x00007ffc23059000 	C:\WINDOWS\System32\GDI32.dll
0x00007ffc22410000 - 0x00007ffc225aa000 	C:\WINDOWS\System32\gdi32full.dll
0x00007ffc22bb0000 - 0x00007ffc22c50000 	C:\WINDOWS\System32\msvcp_win.dll
0x00007ffc21af0000 - 0x00007ffc21bec000 	C:\WINDOWS\System32\ucrtbase.dll
0x00007ffc1a380000 - 0x00007ffc1a5f9000 	C:\WINDOWS\WinSxS\amd64_microsoft.windows.common-controls_6595b64144ccf1df_6.0.17763.55_none_bfabd67a2c8ec77e\COMCTL32.dll
0x00007ffc24940000 - 0x00007ffc24c6e000 	C:\WINDOWS\System32\combase.dll
0x00007ffc21c10000 - 0x00007ffc21c8e000 	C:\WINDOWS\System32\bcryptPrimitives.dll
0x00007ffc22e20000 - 0x00007ffc22e4e000 	C:\WINDOWS\System32\IMM32.DLL
0x0000000058aa0000 - 0x0000000058b72000 	C:\Android Studio SDK\jre\jre\bin\msvcr100.dll
0x00000000566a0000 - 0x0000000056ee1000 	C:\Android Studio SDK\jre\jre\bin\server\jvm.dll
0x00007ffc22db0000 - 0x00007ffc22db8000 	C:\WINDOWS\System32\PSAPI.DLL
0x00007ffc1c140000 - 0x00007ffc1c14a000 	C:\WINDOWS\SYSTEM32\VERSION.dll
0x00007ffc1e8e0000 - 0x00007ffc1e904000 	C:\WINDOWS\SYSTEM32\WINMM.dll
0x00007ffc16160000 - 0x00007ffc16169000 	C:\WINDOWS\SYSTEM32\WSOCK32.dll
0x00007ffc251c0000 - 0x00007ffc2522d000 	C:\WINDOWS\System32\WS2_32.dll
0x00007ffc1e8b0000 - 0x00007ffc1e8dd000 	C:\WINDOWS\SYSTEM32\winmmbase.dll
0x00007ffc228b0000 - 0x00007ffc228fa000 	C:\WINDOWS\System32\cfgmgr32.dll
0x00007ffc1fed0000 - 0x00007ffc1fedf000 	C:\Android Studio SDK\jre\jre\bin\verify.dll
0x00007ffc15db0000 - 0x00007ffc15dd9000 	C:\Android Studio SDK\jre\jre\bin\java.dll
0x00007ffc1abc0000 - 0x00007ffc1abd6000 	C:\Android Studio SDK\jre\jre\bin\zip.dll
0x00007ffc23450000 - 0x00007ffc2493f000 	C:\WINDOWS\System32\SHELL32.dll
0x00007ffc22d00000 - 0x00007ffc22da8000 	C:\WINDOWS\System32\shcore.dll
0x00007ffc21cc0000 - 0x00007ffc22408000 	C:\WINDOWS\System32\windows.storage.dll
0x00007ffc21a40000 - 0x00007ffc21a64000 	C:\WINDOWS\System32\profapi.dll
0x00007ffc21a70000 - 0x00007ffc21acd000 	C:\WINDOWS\System32\powrprof.dll
0x00007ffc22dc0000 - 0x00007ffc22e12000 	C:\WINDOWS\System32\shlwapi.dll
0x00007ffc21a20000 - 0x00007ffc21a31000 	C:\WINDOWS\System32\kernel.appcore.dll
0x00007ffc21bf0000 - 0x00007ffc21c07000 	C:\WINDOWS\System32\cryptsp.dll
0x00007ffc1fe40000 - 0x00007ffc1fe4d000 	C:\Android Studio SDK\jre\jre\bin\management.dll
0x00007ffc16b20000 - 0x00007ffc16b3a000 	C:\Android Studio SDK\jre\jre\bin\net.dll
0x00007ffc21250000 - 0x00007ffc212b7000 	C:\WINDOWS\system32\mswsock.dll
0x00007ffc143f0000 - 0x00007ffc14401000 	C:\Android Studio SDK\jre\jre\bin\nio.dll
0x00007ffc20e10000 - 0x00007ffc20e43000 	C:\WINDOWS\system32\rsaenh.dll
0x00007ffc21c90000 - 0x00007ffc21cb6000 	C:\WINDOWS\System32\bcrypt.dll
0x00007ffc21950000 - 0x00007ffc21978000 	C:\WINDOWS\SYSTEM32\USERENV.dll
0x00007ffc21420000 - 0x00007ffc2142c000 	C:\WINDOWS\SYSTEM32\CRYPTBASE.dll
0x00007ffc20fb0000 - 0x00007ffc20fed000 	C:\WINDOWS\SYSTEM32\IPHLPAPI.DLL
0x00007ffc25640000 - 0x00007ffc25648000 	C:\WINDOWS\System32\NSI.dll
0x00007ffc192c0000 - 0x00007ffc192d6000 	C:\WINDOWS\SYSTEM32\dhcpcsvc6.DLL
0x00007ffc192a0000 - 0x00007ffc192bc000 	C:\WINDOWS\SYSTEM32\dhcpcsvc.DLL
0x00007ffc20ff0000 - 0x00007ffc210b6000 	C:\WINDOWS\SYSTEM32\DNSAPI.dll
0x000000006adc0000 - 0x000000006aeb2000 	C:\Users\Andre\AppData\Local\Temp\room-4d4c1f89-4672-46cf-bdef-6a65b36cff37\sqlite-3.20.1-c43a169c-80d2-4ca3-a14f-33dd0cffe05e-sqlitejdbc.dll
0x00000000190b0000 - 0x00000000191a2000 	C:\Users\Andre\AppData\Local\Temp\room-628ce98d-8b8c-446e-a16b-5b7078cb12fe\sqlite-3.20.1-295bc2e8-ba23-4d54-a883-ff7782800265-sqlitejdbc.dll
0x00000000196f0000 - 0x00000000197e2000 	C:\Users\Andre\AppData\Local\Temp\room-adf799f7-cb13-48e7-9ac4-62f944f6e1f2\sqlite-3.20.1-d68c62aa-ab9f-401f-a29c-ca3b7570988a-sqlitejdbc.dll
0x00007ffc0e8d0000 - 0x00007ffc0eabd000 	C:\WINDOWS\SYSTEM32\dbghelp.dll

VM Arguments:
jvm_args: -Djava.awt.headless=true -Djava.rmi.server.hostname=127.0.0.1 -Xmx1536m -Dkotlin.environment.keepalive 
java_command: org.jetbrains.kotlin.daemon.KotlinCompileDaemon --daemon-runFilesPath C:\Users\Andre\AppData\Local\kotlin\daemon --daemon-autoshutdownIdleSeconds=7200 --daemon-compilerClasspath C:\Users\Andre\.gradle\caches\modules-2\files-2.1\org.jetbrains.kotlin\kotlin-compiler-embeddable\1.2.61\8f4812486d21943cea3f170d53537e628f7eef8c\kotlin-compiler-embeddable-1.2.61.jar;C:\Users\Andre\.gradle\caches\modules-2\files-2.1\org.jetbrains.kotlin\kotlin-reflect\1.2.61\6fd5bcfc9ffc446dd147ea006bee7ef5f0ad8ca4\kotlin-reflect-1.2.61.jar;C:\Users\Andre\.gradle\caches\modules-2\files-2.1\org.jetbrains.kotlin\kotlin-stdlib\1.2.61\5bc44acc4b3f0d19166ae3e50454b41e8ff29335\kotlin-stdlib-1.2.61.jar;C:\Users\Andre\.gradle\caches\modules-2\files-2.1\org.jetbrains.kotlin\kotlin-script-runtime\1.2.61\75e4bfc103b71324be6fc862ce806d5399508a14\kotlin-script-runtime-1.2.61.jar;C:\Users\Andre\.gradle\caches\modules-2\files-2.1\org.jetbrains.kotlin\kotlin-stdlib-common\1.2.61\772de03e12d932f489e41aef997d26c20a4ebee6\kotlin-stdlib-common-1.2.61.jar;C:\Users\Andre\.gradle\caches\modules-2\files-2.1\org.jetbrains\annotations\13.0\919f0dfe192fb4e063e7dacadee7f8bb9a2672a9\annotations-13.0.jar;C:\Android Studio SDK\jre\lib\tools.jar
java_class_path (initial): C:\Users\Andre\.gradle\caches\modules-2\files-2.1\org.jetbrains.kotlin\kotlin-compiler-embeddable\1.2.61\8f4812486d21943cea3f170d53537e628f7eef8c\kotlin-compiler-embeddable-1.2.61.jar;C:\Users\Andre\.gradle\caches\modules-2\files-2.1\org.jetbrains.kotlin\kotlin-reflect\1.2.61\6fd5bcfc9ffc446dd147ea006bee7ef5f0ad8ca4\kotlin-reflect-1.2.61.jar;C:\Users\Andre\.gradle\caches\modules-2\files-2.1\org.jetbrains.kotlin\kotlin-stdlib\1.2.61\5bc44acc4b3f0d19166ae3e50454b41e8ff29335\kotlin-stdlib-1.2.61.jar;C:\Users\Andre\.gradle\caches\modules-2\files-2.1\org.jetbrains.kotlin\kotlin-script-runtime\1.2.61\75e4bfc103b71324be6fc862ce806d5399508a14\kotlin-script-runtime-1.2.61.jar;C:\Users\Andre\.gradle\caches\modules-2\files-2.1\org.jetbrains.kotlin\kotlin-stdlib-common\1.2.61\772de03e12d932f489e41aef997d26c20a4ebee6\kotlin-stdlib-common-1.2.61.jar;C:\Users\Andre\.gradle\caches\modules-2\files-2.1\org.jetbrains\annotations\13.0\919f0dfe192fb4e063e7dacadee7f8bb9a2672a9\annotations-13.0.jar;C:\Android Studio SDK\jre\lib\tools.jar
Launcher Type: SUN_STANDARD

Environment Variables:
JAVA_HOME=C:\Program Files\Java\jdk1.8.0_181
PATH=C:\Program Files (x86)\Common Files\Oracle\Java\javapath;C:\Program Files\Microsoft MPI\Bin\;C:\ProgramData\Oracle\Java\javapath;C:\Program Files (x86)\NVIDIA Corporation\PhysX\Common;C:\WINDOWS\system32;C:\WINDOWS;C:\WINDOWS\System32\Wbem;C:\WINDOWS\System32\WindowsPowerShell\v1.0\;C:\WINDOWS\system32\config\systemprofile\.dnx\bin;C:\Program Files\Microsoft DNX\Dnvm\;C:\Program Files (x86)\Windows Kits\8.1\Windows Performance Toolkit\;C:\Program Files\Microsoft SQL Server\120\Tools\Binn\;C:\Program Files\Microsoft SQL Server\130\Tools\Binn\;C:\Program Files (x86)\Microsoft Emulator Manager\1.0\;C:\Program Files (x86)\nodejs\;C:\Program Files\Git\cmd;C:\Program Files (x86)\Microsoft SQL Server\140\Tools\Binn\;C:\Program Files\Microsoft SQL Server\140\Tools\Binn\;C:\Program Files (x86)\Microsoft SQL Server\140\DTS\Binn\;C:\Program Files\Microsoft SQL Server\140\DTS\Binn\;C:\Program Files\Microsoft SQL Server\Client SDK\ODBC\130\Tools\Binn\;C:\Program Files (x86)\Microsoft SQL Server\Client SDK\ODBC\130\Tools\Binn\;C:\Program Files (x86)\Microsoft SQL Server\140\Tools\Binn\ManagementStudio\;C:\Program Files (x86)\Microsoft ASP.NET\ASP.NET Web Pages\v1.0\;C:\Program Files (x86)\Microsoft SQL Server\110\DTS\Binn\;C:\Program Files (x86)\Microsoft SQL Server\120\DTS\Binn\;C:\Program Files (x86)\Microsoft SQL Server\130\DTS\Binn\;C:\WINDOWS\System32\OpenSSH\;C:\Program Files\Microsoft VS Code\bin;C:\Program Files\Java\jdk1.8.0_181\bin;C:\Program Files\kotlinc\bin\;C:\Users\Andre\AppData\Local\Programs\Python\Python36-32\Scripts\;C:\Users\Andre\AppData\Local\Programs\Python\Python36-32\;C:\Users\Andre\AppData\Local\Microsoft\WindowsApps;C:\Users\Andre\AppData\Roaming\npm;C:\Program Files\Microsoft VS Code\bin;C:\Users\Andre\AppData\Local\GitHubDesktop\bin;%USERPROFILE%\AppData\Local\Microsoft\WindowsApps;
USERNAME=Andre2
OS=Windows_NT
PROCESSOR_IDENTIFIER=Intel64 Family 6 Model 60 Stepping 3, GenuineIntel



---------------  S Y S T E M  ---------------

OS: Windows 10.0 , 64 bit Build 17763 (10.0.17763.1)

CPU:total 4 (initial active 4) (2 cores per cpu, 2 threads per core) family 6 model 60 stepping 3, cmov, cx8, fxsr, mmx, sse, sse2, sse3, ssse3, sse4.1, sse4.2, popcnt, avx, avx2, aes, clmul, erms, lzcnt, ht, tsc, tscinvbit, bmi1, bmi2

Memory: 4k page, physical 16680492k(6252188k free), swap 22242860k(7640532k free)

vm_info: OpenJDK 64-Bit Server VM (25.152-b06) for windows-amd64 JRE (1.8.0_152-release-1136-b06), built by "builder" with MS VC++ 10.0 (VS2010)

time: Wed Oct 24 16:38:33 2018
elapsed time: 9515 seconds (0d 2h 38m 35s)

