#
# A fatal error has been detected by the Java Runtime Environment:
#
#  EXCEPTION_ACCESS_VIOLATION (0xc0000005) at pc=0x00000000003e000a, pid=14324, tid=0x0000000000002760
#
# JRE version: OpenJDK Runtime Environment (8.0_152-b06) (build 1.8.0_152-release-1136-b06)
# Java VM: OpenJDK 64-Bit Server VM (25.152-b06 mixed mode windows-amd64 compressed oops)
# Problematic frame:
# C  0x00000000003e000a
#
# Failed to write core dump. Minidumps are not enabled by default on client versions of Windows
#
# If you would like to submit a bug report, please visit:
#   http://bugreport.java.com/bugreport/crash.jsp
#

---------------  T H R E A D  ---------------

Current thread (0x000000000264b800):  GCTaskThread [stack: 0x0000000012200000,0x0000000012300000] [id=10080]

siginfo: ExceptionCode=0xc0000005, ExceptionInformation=0x0000000000000008 0x00000000003e000a

Registers:
RAX=0x0000000015700088, RBX=0x00000000e476dce8, RCX=0x000000010068a5a8, RDX=0x0000000016063380
RSP=0x00000000122ff2c8, RBP=0x00000000000001d5, RSI=0x0000000016063380, RDI=0x00000000f9252138
R8 =0x00000000f9252138, R9 =0x000000010068a5a8, R10=0xe476dcd0200d14b5, R11=0x00000000f9252138
R12=0x0000000011b0f556, R13=0x0000000000000005, R14=0x0000000000000000, R15=0x00000000026442a0
RIP=0x00000000003e000a, EFLAGS=0x0000000000010203

Top of Stack: (sp=0x00000000122ff2c8)
0x00000000122ff2c8:   0000000056a6ccb1 000000000000000d
0x00000000122ff2d8:   0000000000000003 0000000016063380
0x00000000122ff2e8:   0000000056a69cb5 00000000f924f9d8
0x00000000122ff2f8:   0000000000001000 0000000000c30000
0x00000000122ff308:   0000000056e65b20 0000000000000000
0x00000000122ff318:   0000000016063300 0000000011b0f556
0x00000000122ff328:   0000000056a6cda0 00000000f9252084
0x00000000122ff338:   0000000011b0f5a5 0000000016063380
0x00000000122ff348:   00000000a3eaae40 00000000f9252084
0x00000000122ff358:   0000000056a6d945 00000000e1a1a530
0x00000000122ff368:   0000000011b0f5a5 0000000016063380
0x00000000122ff378:   000000000a6b0000 000000000a6a04be
0x00000000122ff388:   00000000567b32e8 00000000a0a664a4
0x00000000122ff398:   000000005678f747 0000000016063380
0x00000000122ff3a8:   000000005678d903 00000000a3c2f825
0x00000000122ff3b8:   00000000a3c2f825 00000000a3eaac3c 

Instructions: (pc=0x00000000003e000a)
0x00000000003dffea:   
[error occurred during error reporting (printing registers, top of stack, instructions near pc), id 0xc0000005]

Register to memory mapping:

RAX=0x0000000015700088 is pointing into metadata
RBX=0x00000000e476dce8 is an oop

[error occurred during error reporting (printing register info), id 0xc0000005]

Stack: [0x0000000012200000,0x0000000012300000],  sp=0x00000000122ff2c8,  free space=1020k
Native frames: (J=compiled Java code, j=interpreted, Vv=VM code, C=native code)
C  0x00000000003e000a


---------------  P R O C E S S  ---------------

Java Threads: ( => current thread )
  0x000000001cc86000 JavaThread "RMI RenewClean-[127.0.0.1:56495,org.jetbrains.kotlin.daemon.common.LoopbackNetworkInterface$ClientLoopbackSocketFactory@24419f36]" daemon [_thread_blocked, id=12424, stack(0x0000000023f50000,0x0000000024050000)]
  0x000000001cc8a000 JavaThread "RMI TCP Connection(17)-127.0.0.1" daemon [_thread_blocked, id=10124, stack(0x0000000023e50000,0x0000000023f50000)]
  0x000000001cc84000 JavaThread "RMI RenewClean-[127.0.0.1:56495,org.jetbrains.kotlin.daemon.common.LoopbackNetworkInterface$ClientLoopbackSocketFactory@56f8a29]" daemon [_thread_blocked, id=11220, stack(0x0000000023d50000,0x0000000023e50000)]
  0x000000001cc82800 JavaThread "RMI TCP Connection(16)-127.0.0.1" daemon [_thread_in_native, id=13572, stack(0x0000000023c50000,0x0000000023d50000)]
  0x000000001cc87800 JavaThread "RMI TCP Connection(14)-127.0.0.1" daemon [_thread_in_native, id=9708, stack(0x0000000023950000,0x0000000023a50000)]
  0x000000001cc85800 JavaThread "RMI TCP Connection(15)-127.0.0.1" daemon [_thread_in_native, id=12868, stack(0x0000000023850000,0x0000000023950000)]
  0x0000000018279800 JavaThread "RMI Scheduler(0)" daemon [_thread_blocked, id=14800, stack(0x0000000019470000,0x0000000019570000)]
  0x0000000000cee800 JavaThread "DestroyJavaVM" [_thread_blocked, id=10516, stack(0x0000000002530000,0x0000000002630000)]
  0x000000001824c800 JavaThread "GC Daemon" daemon [_thread_blocked, id=9412, stack(0x0000000018f30000,0x0000000019030000)]
  0x00000000181e8800 JavaThread "RMI Reaper" [_thread_blocked, id=9876, stack(0x0000000018e30000,0x0000000018f30000)]
  0x00000000181d5000 JavaThread "Timer-0" daemon [_thread_blocked, id=14488, stack(0x0000000018c30000,0x0000000018d30000)]
  0x0000000018142800 JavaThread "RMI TCP Accept-17009" daemon [_thread_in_native, id=8740, stack(0x0000000018b30000,0x0000000018c30000)]
  0x0000000017a20800 JavaThread "Service Thread" daemon [_thread_blocked, id=8408, stack(0x0000000017df0000,0x0000000017ef0000)]
  0x00000000160aa800 JavaThread "C1 CompilerThread2" daemon [_thread_blocked, id=10860, stack(0x00000000178f0000,0x00000000179f0000)]
  0x00000000160a4000 JavaThread "C2 CompilerThread1" daemon [_thread_blocked, id=6812, stack(0x00000000177f0000,0x00000000178f0000)]
  0x00000000160a0000 JavaThread "C2 CompilerThread0" daemon [_thread_in_native, id=4404, stack(0x00000000176f0000,0x00000000177f0000)]
  0x000000001609e000 JavaThread "Attach Listener" daemon [_thread_blocked, id=1532, stack(0x00000000175f0000,0x00000000176f0000)]
  0x000000001609c800 JavaThread "Signal Dispatcher" daemon [_thread_blocked, id=10708, stack(0x00000000174f0000,0x00000000175f0000)]
  0x000000000272e800 JavaThread "Finalizer" daemon [_thread_blocked, id=4128, stack(0x00000000172f0000,0x00000000173f0000)]
  0x0000000002723000 JavaThread "Reference Handler" daemon [_thread_blocked, id=14228, stack(0x00000000171f0000,0x00000000172f0000)]

Other Threads:
  0x0000000016066000 VMThread [stack: 0x00000000170f0000,0x00000000171f0000] [id=15268]
  0x00000000160fc800 WatcherThread [stack: 0x0000000017ef0000,0x0000000017ff0000] [id=5572]

=>0x000000000264b800 (exited) GCTaskThread [stack: 0x0000000012200000,0x0000000012300000] [id=10080]

VM state:at safepoint (normal execution)

VM Mutex/Monitor currently owned by a thread:  ([mutex/lock_event])
[0x0000000002630d50] Threads_lock - owner thread: 0x0000000016066000
[0x0000000002630350] Heap_lock - owner thread: 0x000000001cc8a000

Heap:
 PSYoungGen      total 373248K, used 265216K [0x00000000e0000000, 0x0000000100000000, 0x0000000100000000)
  eden space 265216K, 100% used [0x00000000e0000000,0x00000000f0300000,0x00000000f0300000)
  from space 108032K, 0% used [0x00000000f0300000,0x00000000f0300000,0x00000000f6c80000)
  to   space 143872K, 55% used [0x00000000f7380000,0x00000000fc1ee300,0x0000000100000000)
 ParOldGen       total 284160K, used 108091K [0x00000000a0000000, 0x00000000b1580000, 0x00000000e0000000)
  object space 284160K, 38% used [0x00000000a0000000,0x00000000a698edc8,0x00000000b1580000)
 Metaspace       used 77722K, capacity 79576K, committed 79872K, reserved 1120256K
  class space    used 8920K, capacity 9371K, committed 9472K, reserved 1048576K

Card table byte_map: [0x0000000011af0000,0x0000000011e00000] byte_map_base: 0x00000000115f0000

Marking Bits: (ParMarkBitMap*) 0x0000000056e65aa0
 Begin Bits: [0x0000000012400000, 0x0000000013c00000)
 End Bits:   [0x0000000013c00000, 0x0000000015400000)

Polling page: 0x0000000000c00000

CodeCache: size=245760Kb used=44438Kb max_used=44585Kb free=201321Kb
 bounds [0x0000000002730000, 0x00000000052f0000, 0x0000000011730000]
 total_blobs=13432 nmethods=12864 adapters=477
 compilation: enabled

Compilation events (10 events):
Event: 793.498 Thread 0x00000000160aa800 nmethod 15750 0x00000000039e6050 code [0x00000000039e6380, 0x00000000039e7e08]
Event: 793.500 Thread 0x00000000160aa800 15751       3       org.jetbrains.kotlin.resolve.calls.inference.ConstraintSystemBuilderImpl$doAddConstraint$2::invoke (170 bytes)
Event: 793.501 Thread 0x00000000160a4000 nmethod 15614 0x00000000039e4fd0 code [0x00000000039e51a0, 0x00000000039e5828]
Event: 793.501 Thread 0x00000000160a4000 15642       4       org.jetbrains.kotlin.types.FlexibleType::getAnnotations (8 bytes)
Event: 793.502 Thread 0x00000000160aa800 nmethod 15751 0x00000000039e2650 code [0x00000000039e29a0, 0x00000000039e4208]
Event: 793.502 Thread 0x00000000160a4000 nmethod 15642 0x0000000002f34c10 code [0x0000000002f34d60, 0x0000000002f34e58]
Event: 793.502 Thread 0x00000000160a4000 15594       4       java.lang.StringBuilder::append (9 bytes)
Event: 793.504 Thread 0x00000000160aa800 15753       3       org.jetbrains.kotlin.com.intellij.psi.impl.source.tree.LazyParseableElement::getFirstChildNode (9 bytes)
Event: 793.505 Thread 0x00000000160aa800 nmethod 15753 0x0000000003ad8090 code [0x0000000003ad8200, 0x0000000003ad83a8]
Event: 793.505 Thread 0x00000000160aa800 15754       1       org.jetbrains.kotlin.types.expressions.ControlStructureTypingUtils$1::getCallElement (5 bytes)

GC Heap History (10 events):
Event: 17.963 GC heap after
Heap after GC invocations=12 (full 4):
 PSYoungGen      total 415744K, used 59389K [0x00000000e0000000, 0x0000000100000000, 0x0000000100000000)
  eden space 356352K, 0% used [0x00000000e0000000,0x00000000e0000000,0x00000000f5c00000)
  from space 59392K, 99% used [0x00000000fb200000,0x00000000febff5b8,0x00000000fec00000)
  to   space 83968K, 0% used [0x00000000f5c00000,0x00000000f5c00000,0x00000000fae00000)
 ParOldGen       total 212480K, used 106486K [0x00000000a0000000, 0x00000000acf80000, 0x00000000e0000000)
  object space 212480K, 50% used [0x00000000a0000000,0x00000000a67fdb50,0x00000000acf80000)
 Metaspace       used 59006K, capacity 60012K, committed 60416K, reserved 1101824K
  class space    used 7108K, capacity 7345K, committed 7424K, reserved 1048576K
}
Event: 28.544 GC heap before
{Heap before GC invocations=13 (full 4):
 PSYoungGen      total 415744K, used 415741K [0x00000000e0000000, 0x0000000100000000, 0x0000000100000000)
  eden space 356352K, 100% used [0x00000000e0000000,0x00000000f5c00000,0x00000000f5c00000)
  from space 59392K, 99% used [0x00000000fb200000,0x00000000febff5b8,0x00000000fec00000)
  to   space 83968K, 0% used [0x00000000f5c00000,0x00000000f5c00000,0x00000000fae00000)
 ParOldGen       total 212480K, used 106486K [0x00000000a0000000, 0x00000000acf80000, 0x00000000e0000000)
  object space 212480K, 50% used [0x00000000a0000000,0x00000000a67fdb50,0x00000000acf80000)
 Metaspace       used 66042K, capacity 67236K, committed 67456K, reserved 1107968K
  class space    used 7744K, capacity 8009K, committed 8064K, reserved 1048576K
Event: 28.650 GC heap after
Heap after GC invocations=13 (full 4):
 PSYoungGen      total 440320K, used 83963K [0x00000000e0000000, 0x0000000100000000, 0x0000000100000000)
  eden space 356352K, 0% used [0x00000000e0000000,0x00000000e0000000,0x00000000f5c00000)
  from space 83968K, 99% used [0x00000000f5c00000,0x00000000fadfed50,0x00000000fae00000)
  to   space 83968K, 0% used [0x00000000fae00000,0x00000000fae00000,0x0000000100000000)
 ParOldGen       total 212480K, used 128727K [0x00000000a0000000, 0x00000000acf80000, 0x00000000e0000000)
  object space 212480K, 60% used [0x00000000a0000000,0x00000000a7db5fa8,0x00000000acf80000)
 Metaspace       used 66042K, capacity 67236K, committed 67456K, reserved 1107968K
  class space    used 7744K, capacity 8009K, committed 8064K, reserved 1048576K
}
Event: 787.715 GC heap before
{Heap before GC invocations=14 (full 4):
 PSYoungGen      total 440320K, used 440315K [0x00000000e0000000, 0x0000000100000000, 0x0000000100000000)
  eden space 356352K, 100% used [0x00000000e0000000,0x00000000f5c00000,0x00000000f5c00000)
  from space 83968K, 99% used [0x00000000f5c00000,0x00000000fadfed50,0x00000000fae00000)
  to   space 83968K, 0% used [0x00000000fae00000,0x00000000fae00000,0x0000000100000000)
 ParOldGen       total 212480K, used 128727K [0x00000000a0000000, 0x00000000acf80000, 0x00000000e0000000)
  object space 212480K, 60% used [0x00000000a0000000,0x00000000a7db5fa8,0x00000000acf80000)
 Metaspace       used 71289K, capacity 72708K, committed 73088K, reserved 1114112K
  class space    used 8146K, capacity 8463K, committed 8576K, reserved 1048576K
Event: 787.889 GC heap after
Heap after GC invocations=14 (full 4):
 PSYoungGen      total 349184K, used 83957K [0x00000000e0000000, 0x0000000100000000, 0x0000000100000000)
  eden space 265216K, 0% used [0x00000000e0000000,0x00000000e0000000,0x00000000f0300000)
  from space 83968K, 99% used [0x00000000fae00000,0x00000000ffffd608,0x0000000100000000)
  to   space 129536K, 0% used [0x00000000f0300000,0x00000000f0300000,0x00000000f8180000)
 ParOldGen       total 212480K, used 158075K [0x00000000a0000000, 0x00000000acf80000, 0x00000000e0000000)
  object space 212480K, 74% used [0x00000000a0000000,0x00000000a9a5ee60,0x00000000acf80000)
 Metaspace       used 71289K, capacity 72708K, committed 73088K, reserved 1114112K
  class space    used 8146K, capacity 8463K, committed 8576K, reserved 1048576K
}
Event: 790.474 GC heap before
{Heap before GC invocations=15 (full 4):
 PSYoungGen      total 349184K, used 349173K [0x00000000e0000000, 0x0000000100000000, 0x0000000100000000)
  eden space 265216K, 100% used [0x00000000e0000000,0x00000000f0300000,0x00000000f0300000)
  from space 83968K, 99% used [0x00000000fae00000,0x00000000ffffd608,0x0000000100000000)
  to   space 129536K, 0% used [0x00000000f0300000,0x00000000f0300000,0x00000000f8180000)
 ParOldGen       total 212480K, used 158075K [0x00000000a0000000, 0x00000000acf80000, 0x00000000e0000000)
  object space 212480K, 74% used [0x00000000a0000000,0x00000000a9a5ee60,0x00000000acf80000)
 Metaspace       used 76585K, capacity 78106K, committed 78336K, reserved 1118208K
  class space    used 8787K, capacity 9154K, committed 9216K, reserved 1048576K
Event: 790.774 GC heap after
Heap after GC invocations=15 (full 4):
 PSYoungGen      total 373248K, used 107988K [0x00000000e0000000, 0x0000000100000000, 0x0000000100000000)
  eden space 265216K, 0% used [0x00000000e0000000,0x00000000e0000000,0x00000000f0300000)
  from space 108032K, 99% used [0x00000000f0300000,0x00000000f6c75210,0x00000000f6c80000)
  to   space 143872K, 0% used [0x00000000f7380000,0x00000000f7380000,0x0000000100000000)
 ParOldGen       total 222208K, used 221707K [0x00000000a0000000, 0x00000000ad900000, 0x00000000e0000000)
  object space 222208K, 99% used [0x00000000a0000000,0x00000000ad882c18,0x00000000ad900000)
 Metaspace       used 76585K, capacity 78106K, committed 78336K, reserved 1118208K
  class space    used 8787K, capacity 9154K, committed 9216K, reserved 1048576K
}
Event: 790.774 GC heap before
{Heap before GC invocations=16 (full 5):
 PSYoungGen      total 373248K, used 107988K [0x00000000e0000000, 0x0000000100000000, 0x0000000100000000)
  eden space 265216K, 0% used [0x00000000e0000000,0x00000000e0000000,0x00000000f0300000)
  from space 108032K, 99% used [0x00000000f0300000,0x00000000f6c75210,0x00000000f6c80000)
  to   space 143872K, 0% used [0x00000000f7380000,0x00000000f7380000,0x0000000100000000)
 ParOldGen       total 222208K, used 221707K [0x00000000a0000000, 0x00000000ad900000, 0x00000000e0000000)
  object space 222208K, 99% used [0x00000000a0000000,0x00000000ad882c18,0x00000000ad900000)
 Metaspace       used 76585K, capacity 78106K, committed 78336K, reserved 1118208K
  class space    used 8787K, capacity 9154K, committed 9216K, reserved 1048576K
Event: 791.282 GC heap after
Heap after GC invocations=16 (full 5):
 PSYoungGen      total 373248K, used 0K [0x00000000e0000000, 0x0000000100000000, 0x0000000100000000)
  eden space 265216K, 0% used [0x00000000e0000000,0x00000000e0000000,0x00000000f0300000)
  from space 108032K, 0% used [0x00000000f0300000,0x00000000f0300000,0x00000000f6c80000)
  to   space 143872K, 0% used [0x00000000f7380000,0x00000000f7380000,0x0000000100000000)
 ParOldGen       total 284160K, used 108083K [0x00000000a0000000, 0x00000000b1580000, 0x00000000e0000000)
  object space 284160K, 38% used [0x00000000a0000000,0x00000000a698cdc8,0x00000000b1580000)
 Metaspace       used 76585K, capacity 78106K, committed 78336K, reserved 1118208K
  class space    used 8787K, capacity 9154K, committed 9216K, reserved 1048576K
}
Event: 793.505 GC heap before
{Heap before GC invocations=17 (full 5):
 PSYoungGen      total 373248K, used 265216K [0x00000000e0000000, 0x0000000100000000, 0x0000000100000000)
  eden space 265216K, 100% used [0x00000000e0000000,0x00000000f0300000,0x00000000f0300000)
  from space 108032K, 0% used [0x00000000f0300000,0x00000000f0300000,0x00000000f6c80000)
  to   space 143872K, 0% used [0x00000000f7380000,0x00000000f7380000,0x0000000100000000)
 ParOldGen       total 284160K, used 108083K [0x00000000a0000000, 0x00000000b1580000, 0x00000000e0000000)
  object space 284160K, 38% used [0x00000000a0000000,0x00000000a698cdc8,0x00000000b1580000)
 Metaspace       used 77722K, capacity 79576K, committed 79872K, reserved 1120256K
  class space    used 8920K, capacity 9371K, committed 9472K, reserved 1048576K

Deoptimization events (10 events):
Event: 793.118 Thread 0x000000001cc8a000 Uncommon trap: reason=class_check action=maybe_recompile pc=0x0000000003171734 method=kotlin.sequences.DropSequence$iterator$1.hasNext()Z @ 8
Event: 793.118 Thread 0x000000001cc8a000 Uncommon trap: reason=class_check action=maybe_recompile pc=0x00000000028f4d28 method=kotlin.sequences.DropSequence$iterator$1.next()Ljava/lang/Object; @ 8
Event: 793.133 Thread 0x000000001cc8a000 Uncommon trap: reason=class_check action=maybe_recompile pc=0x00000000046b79a8 method=org.jetbrains.kotlin.types.FlexibleTypeImpl.isTypeVariable()Z @ 22
Event: 793.300 Thread 0x000000001cc8a000 Uncommon trap: reason=speculate_class_check action=maybe_recompile pc=0x000000000465c1b4 method=org.jetbrains.kotlin.com.intellij.psi.impl.source.PsiFileImpl.getTreeElement()Lorg/jetbrains/kotlin/com/intellij/psi/impl/source/tree/FileElement; @ 12
Event: 793.355 Thread 0x000000001cc8a000 Uncommon trap: reason=class_check action=maybe_recompile pc=0x00000000033b2000 method=org.jetbrains.kotlin.com.intellij.psi.impl.source.FileTrees.derefTreeElement()Lorg/jetbrains/kotlin/com/intellij/psi/impl/source/tree/FileElement; @ 7
Event: 793.355 Thread 0x000000001cc8a000 Uncommon trap: reason=class_check action=maybe_recompile pc=0x000000000465c1d4 method=org.jetbrains.kotlin.com.intellij.psi.impl.source.FileTrees.derefTreeElement()Lorg/jetbrains/kotlin/com/intellij/psi/impl/source/tree/FileElement; @ 7
Event: 793.378 Thread 0x000000001cc8a000 Uncommon trap: reason=class_check action=maybe_recompile pc=0x00000000033b2000 method=org.jetbrains.kotlin.com.intellij.psi.impl.source.FileTrees.derefTreeElement()Lorg/jetbrains/kotlin/com/intellij/psi/impl/source/tree/FileElement; @ 7
Event: 793.401 Thread 0x000000001cc8a000 Uncommon trap: reason=class_check action=maybe_recompile pc=0x0000000005047f6c method=org.jetbrains.kotlin.load.java.typeEnhancement.SignatureEnhancement$SignatureParts.extractNullability(Lorg/jetbrains/kotlin/descriptors/annotations/Annotations;)Lorg/jet
Event: 793.504 Thread 0x000000001cc8a000 Uncommon trap: reason=class_check action=maybe_recompile pc=0x000000000487fcc8 method=org.jetbrains.kotlin.resolve.calls.callUtil.CallUtilKt.getCalleeExpressionIfAny(Lorg/jetbrains/kotlin/psi/KtElement;)Lorg/jetbrains/kotlin/psi/KtExpression; @ 73
Event: 793.504 Thread 0x000000001cc8a000 Uncommon trap: reason=class_check action=maybe_recompile pc=0x000000000487fcc8 method=org.jetbrains.kotlin.resolve.calls.callUtil.CallUtilKt.getCalleeExpressionIfAny(Lorg/jetbrains/kotlin/psi/KtElement;)Lorg/jetbrains/kotlin/psi/KtExpression; @ 73

Classes redefined (0 events):
No events

Internal exceptions (10 events):
Event: 792.454 Thread 0x000000001cc8a000 Exception <a 'java/io/FileNotFoundException'> (0x00000000e94dbab0) thrown at [D:\src\AOSP-openjdk-cygwin\jdk8u\hotspot\src\share\vm\prims\jni.cpp, line 709]
Event: 792.457 Thread 0x000000001cc8a000 Exception <a 'java/io/FileNotFoundException'> (0x00000000e95009a8) thrown at [D:\src\AOSP-openjdk-cygwin\jdk8u\hotspot\src\share\vm\prims\jni.cpp, line 709]
Event: 792.462 Thread 0x000000001cc8a000 Exception <a 'java/io/FileNotFoundException'> (0x00000000e9502900) thrown at [D:\src\AOSP-openjdk-cygwin\jdk8u\hotspot\src\share\vm\prims\jni.cpp, line 709]
Event: 792.462 Thread 0x000000001cc8a000 Exception <a 'java/io/FileNotFoundException'> (0x00000000e9503f88) thrown at [D:\src\AOSP-openjdk-cygwin\jdk8u\hotspot\src\share\vm\prims\jni.cpp, line 709]
Event: 792.816 Thread 0x000000001cc8a000 Exception <a 'java/io/FileNotFoundException'> (0x00000000eaeb1860) thrown at [D:\src\AOSP-openjdk-cygwin\jdk8u\hotspot\src\share\vm\prims\jni.cpp, line 709]
Event: 792.819 Thread 0x000000001cc8a000 Exception <a 'java/io/FileNotFoundException'> (0x00000000eaeb3e70) thrown at [D:\src\AOSP-openjdk-cygwin\jdk8u\hotspot\src\share\vm\prims\jni.cpp, line 709]
Event: 792.819 Thread 0x000000001cc8a000 Exception <a 'java/io/FileNotFoundException'> (0x00000000eaeb5bf0) thrown at [D:\src\AOSP-openjdk-cygwin\jdk8u\hotspot\src\share\vm\prims\jni.cpp, line 709]
Event: 793.356 Thread 0x000000001cc8a000 Exception <a 'java/io/FileNotFoundException'> (0x00000000efaf34e0) thrown at [D:\src\AOSP-openjdk-cygwin\jdk8u\hotspot\src\share\vm\prims\jni.cpp, line 709]
Event: 793.359 Thread 0x000000001cc8a000 Exception <a 'java/io/FileNotFoundException'> (0x00000000efaf5b40) thrown at [D:\src\AOSP-openjdk-cygwin\jdk8u\hotspot\src\share\vm\prims\jni.cpp, line 709]
Event: 793.360 Thread 0x000000001cc8a000 Exception <a 'java/io/FileNotFoundException'> (0x00000000efaf7a68) thrown at [D:\src\AOSP-openjdk-cygwin\jdk8u\hotspot\src\share\vm\prims\jni.cpp, line 709]

Events (10 events):
Event: 793.433 loading class org/jetbrains/kotlin/descriptors/SimpleFunctionDescriptor done
Event: 793.500 Executing VM operation: ForceSafepoint
Event: 793.500 Executing VM operation: ForceSafepoint done
Event: 793.504 Thread 0x000000001cc8a000 Uncommon trap: trap_request=0xffffffde fr.pc=0x000000000487fcc8
Event: 793.504 Thread 0x000000001cc8a000 DEOPT PACKING pc=0x000000000487fcc8 sp=0x0000000023f49bc0
Event: 793.504 Thread 0x000000001cc8a000 DEOPT UNPACKING pc=0x000000000277557b sp=0x0000000023f49b60 mode 2
Event: 793.504 Thread 0x000000001cc8a000 Uncommon trap: trap_request=0xffffffde fr.pc=0x000000000487fcc8
Event: 793.504 Thread 0x000000001cc8a000 DEOPT PACKING pc=0x000000000487fcc8 sp=0x0000000023f49bc0
Event: 793.504 Thread 0x000000001cc8a000 DEOPT UNPACKING pc=0x000000000277557b sp=0x0000000023f49b60 mode 2
Event: 793.505 Executing VM operation: ParallelGCFailedAllocation


Dynamic libraries:
0x00007ff645e50000 - 0x00007ff645e81000 	C:\Android Studio SDK\jre\jre\bin\java.exe
0x00007ffc25a20000 - 0x00007ffc25c0d000 	C:\WINDOWS\SYSTEM32\ntdll.dll
0x00007ffc23390000 - 0x00007ffc23443000 	C:\WINDOWS\System32\KERNEL32.DLL
0x00007ffc225b0000 - 0x00007ffc22843000 	C:\WINDOWS\System32\KERNELBASE.dll
0x00007ffc25340000 - 0x00007ffc253e3000 	C:\WINDOWS\System32\ADVAPI32.dll
0x00007ffc22c50000 - 0x00007ffc22cee000 	C:\WINDOWS\System32\msvcrt.dll
0x00007ffc253f0000 - 0x00007ffc2548e000 	C:\WINDOWS\System32\sechost.dll
0x00007ffc23060000 - 0x00007ffc23183000 	C:\WINDOWS\System32\RPCRT4.dll
0x00007ffc23190000 - 0x00007ffc23327000 	C:\WINDOWS\System32\USER32.dll
0x00007ffc22b90000 - 0x00007ffc22bb0000 	C:\WINDOWS\System32\win32u.dll
0x00007ffc23030000 - 0x00007ffc23059000 	C:\WINDOWS\System32\GDI32.dll
0x00007ffc22410000 - 0x00007ffc225aa000 	C:\WINDOWS\System32\gdi32full.dll
0x00007ffc22bb0000 - 0x00007ffc22c50000 	C:\WINDOWS\System32\msvcp_win.dll
0x00007ffc21af0000 - 0x00007ffc21bec000 	C:\WINDOWS\System32\ucrtbase.dll
0x00007ffc1a380000 - 0x00007ffc1a5f9000 	C:\WINDOWS\WinSxS\amd64_microsoft.windows.common-controls_6595b64144ccf1df_6.0.17763.55_none_bfabd67a2c8ec77e\COMCTL32.dll
0x00007ffc24940000 - 0x00007ffc24c6e000 	C:\WINDOWS\System32\combase.dll
0x00007ffc21c10000 - 0x00007ffc21c8e000 	C:\WINDOWS\System32\bcryptPrimitives.dll
0x00007ffc22e20000 - 0x00007ffc22e4e000 	C:\WINDOWS\System32\IMM32.DLL
0x0000000058aa0000 - 0x0000000058b72000 	C:\Android Studio SDK\jre\jre\bin\msvcr100.dll
0x00000000566a0000 - 0x0000000056ee1000 	C:\Android Studio SDK\jre\jre\bin\server\jvm.dll
0x00007ffc22db0000 - 0x00007ffc22db8000 	C:\WINDOWS\System32\PSAPI.DLL
0x00007ffc16160000 - 0x00007ffc16169000 	C:\WINDOWS\SYSTEM32\WSOCK32.dll
0x00007ffc1e8e0000 - 0x00007ffc1e904000 	C:\WINDOWS\SYSTEM32\WINMM.dll
0x00007ffc1c140000 - 0x00007ffc1c14a000 	C:\WINDOWS\SYSTEM32\VERSION.dll
0x00007ffc251c0000 - 0x00007ffc2522d000 	C:\WINDOWS\System32\WS2_32.dll
0x00007ffc1e8b0000 - 0x00007ffc1e8dd000 	C:\WINDOWS\SYSTEM32\winmmbase.dll
0x00007ffc228b0000 - 0x00007ffc228fa000 	C:\WINDOWS\System32\cfgmgr32.dll
0x00007ffc1fed0000 - 0x00007ffc1fedf000 	C:\Android Studio SDK\jre\jre\bin\verify.dll
0x00007ffc15db0000 - 0x00007ffc15dd9000 	C:\Android Studio SDK\jre\jre\bin\java.dll
0x00007ffc1abc0000 - 0x00007ffc1abd6000 	C:\Android Studio SDK\jre\jre\bin\zip.dll
0x00007ffc23450000 - 0x00007ffc2493f000 	C:\WINDOWS\System32\SHELL32.dll
0x00007ffc22d00000 - 0x00007ffc22da8000 	C:\WINDOWS\System32\shcore.dll
0x00007ffc21cc0000 - 0x00007ffc22408000 	C:\WINDOWS\System32\windows.storage.dll
0x00007ffc21a40000 - 0x00007ffc21a64000 	C:\WINDOWS\System32\profapi.dll
0x00007ffc21a70000 - 0x00007ffc21acd000 	C:\WINDOWS\System32\powrprof.dll
0x00007ffc22dc0000 - 0x00007ffc22e12000 	C:\WINDOWS\System32\shlwapi.dll
0x00007ffc21a20000 - 0x00007ffc21a31000 	C:\WINDOWS\System32\kernel.appcore.dll
0x00007ffc21bf0000 - 0x00007ffc21c07000 	C:\WINDOWS\System32\cryptsp.dll
0x00007ffc1fe40000 - 0x00007ffc1fe4d000 	C:\Android Studio SDK\jre\jre\bin\management.dll
0x00007ffc16b20000 - 0x00007ffc16b3a000 	C:\Android Studio SDK\jre\jre\bin\net.dll
0x00007ffc21250000 - 0x00007ffc212b7000 	C:\WINDOWS\system32\mswsock.dll
0x00007ffc143f0000 - 0x00007ffc14401000 	C:\Android Studio SDK\jre\jre\bin\nio.dll
0x00007ffc20e10000 - 0x00007ffc20e43000 	C:\WINDOWS\system32\rsaenh.dll
0x00007ffc21c90000 - 0x00007ffc21cb6000 	C:\WINDOWS\System32\bcrypt.dll
0x00007ffc21950000 - 0x00007ffc21978000 	C:\WINDOWS\SYSTEM32\USERENV.dll
0x00007ffc21420000 - 0x00007ffc2142c000 	C:\WINDOWS\SYSTEM32\CRYPTBASE.dll
0x00007ffc20fb0000 - 0x00007ffc20fed000 	C:\WINDOWS\SYSTEM32\IPHLPAPI.DLL
0x00007ffc25640000 - 0x00007ffc25648000 	C:\WINDOWS\System32\NSI.dll
0x00007ffc192c0000 - 0x00007ffc192d6000 	C:\WINDOWS\SYSTEM32\dhcpcsvc6.DLL
0x00007ffc192a0000 - 0x00007ffc192bc000 	C:\WINDOWS\SYSTEM32\dhcpcsvc.DLL
0x00007ffc20ff0000 - 0x00007ffc210b6000 	C:\WINDOWS\SYSTEM32\DNSAPI.dll
0x0000000000b00000 - 0x0000000000bf2000 	C:\Users\Andre\AppData\Local\Temp\room-e6709cc8-3271-4696-bcb8-93c87181fdcf\sqlite-3.20.1-1c58c6cb-8c0b-49d9-8798-039f74bc939b-sqlitejdbc.dll
0x00007ffc0e8d0000 - 0x00007ffc0eabd000 	C:\WINDOWS\SYSTEM32\dbghelp.dll

VM Arguments:
jvm_args: -Djava.awt.headless=true -Djava.rmi.server.hostname=127.0.0.1 -Xmx1536m -Dkotlin.environment.keepalive 
java_command: org.jetbrains.kotlin.daemon.KotlinCompileDaemon --daemon-runFilesPath C:\Users\Andre\AppData\Local\kotlin\daemon --daemon-autoshutdownIdleSeconds=7200 --daemon-compilerClasspath C:\Users\Andre\.gradle\caches\modules-2\files-2.1\org.jetbrains.kotlin\kotlin-compiler-embeddable\1.2.61\8f4812486d21943cea3f170d53537e628f7eef8c\kotlin-compiler-embeddable-1.2.61.jar;C:\Users\Andre\.gradle\caches\modules-2\files-2.1\org.jetbrains.kotlin\kotlin-reflect\1.2.61\6fd5bcfc9ffc446dd147ea006bee7ef5f0ad8ca4\kotlin-reflect-1.2.61.jar;C:\Users\Andre\.gradle\caches\modules-2\files-2.1\org.jetbrains.kotlin\kotlin-stdlib\1.2.61\5bc44acc4b3f0d19166ae3e50454b41e8ff29335\kotlin-stdlib-1.2.61.jar;C:\Users\Andre\.gradle\caches\modules-2\files-2.1\org.jetbrains.kotlin\kotlin-script-runtime\1.2.61\75e4bfc103b71324be6fc862ce806d5399508a14\kotlin-script-runtime-1.2.61.jar;C:\Users\Andre\.gradle\caches\modules-2\files-2.1\org.jetbrains.kotlin\kotlin-stdlib-common\1.2.61\772de03e12d932f489e41aef997d26c20a4ebee6\kotlin-stdlib-common-1.2.61.jar;C:\Users\Andre\.gradle\caches\modules-2\files-2.1\org.jetbrains\annotations\13.0\919f0dfe192fb4e063e7dacadee7f8bb9a2672a9\annotations-13.0.jar;C:\Android Studio SDK\jre\lib\tools.jar
java_class_path (initial): C:\Users\Andre\.gradle\caches\modules-2\files-2.1\org.jetbrains.kotlin\kotlin-compiler-embeddable\1.2.61\8f4812486d21943cea3f170d53537e628f7eef8c\kotlin-compiler-embeddable-1.2.61.jar;C:\Users\Andre\.gradle\caches\modules-2\files-2.1\org.jetbrains.kotlin\kotlin-reflect\1.2.61\6fd5bcfc9ffc446dd147ea006bee7ef5f0ad8ca4\kotlin-reflect-1.2.61.jar;C:\Users\Andre\.gradle\caches\modules-2\files-2.1\org.jetbrains.kotlin\kotlin-stdlib\1.2.61\5bc44acc4b3f0d19166ae3e50454b41e8ff29335\kotlin-stdlib-1.2.61.jar;C:\Users\Andre\.gradle\caches\modules-2\files-2.1\org.jetbrains.kotlin\kotlin-script-runtime\1.2.61\75e4bfc103b71324be6fc862ce806d5399508a14\kotlin-script-runtime-1.2.61.jar;C:\Users\Andre\.gradle\caches\modules-2\files-2.1\org.jetbrains.kotlin\kotlin-stdlib-common\1.2.61\772de03e12d932f489e41aef997d26c20a4ebee6\kotlin-stdlib-common-1.2.61.jar;C:\Users\Andre\.gradle\caches\modules-2\files-2.1\org.jetbrains\annotations\13.0\919f0dfe192fb4e063e7dacadee7f8bb9a2672a9\annotations-13.0.jar;C:\Android Studio SDK\jre\lib\tools.jar
Launcher Type: SUN_STANDARD

Environment Variables:
JAVA_HOME=C:\Program Files\Java\jdk1.8.0_181
PATH=C:\Program Files (x86)\Common Files\Oracle\Java\javapath;C:\Program Files\Microsoft MPI\Bin\;C:\ProgramData\Oracle\Java\javapath;C:\Program Files (x86)\NVIDIA Corporation\PhysX\Common;C:\WINDOWS\system32;C:\WINDOWS;C:\WINDOWS\System32\Wbem;C:\WINDOWS\System32\WindowsPowerShell\v1.0\;C:\WINDOWS\system32\config\systemprofile\.dnx\bin;C:\Program Files\Microsoft DNX\Dnvm\;C:\Program Files (x86)\Windows Kits\8.1\Windows Performance Toolkit\;C:\Program Files\Microsoft SQL Server\120\Tools\Binn\;C:\Program Files\Microsoft SQL Server\130\Tools\Binn\;C:\Program Files (x86)\Microsoft Emulator Manager\1.0\;C:\Program Files (x86)\nodejs\;C:\Program Files\Git\cmd;C:\Program Files (x86)\Microsoft SQL Server\140\Tools\Binn\;C:\Program Files\Microsoft SQL Server\140\Tools\Binn\;C:\Program Files (x86)\Microsoft SQL Server\140\DTS\Binn\;C:\Program Files\Microsoft SQL Server\140\DTS\Binn\;C:\Program Files\Microsoft SQL Server\Client SDK\ODBC\130\Tools\Binn\;C:\Program Files (x86)\Microsoft SQL Server\Client SDK\ODBC\130\Tools\Binn\;C:\Program Files (x86)\Microsoft SQL Server\140\Tools\Binn\ManagementStudio\;C:\Program Files (x86)\Microsoft ASP.NET\ASP.NET Web Pages\v1.0\;C:\Program Files (x86)\Microsoft SQL Server\110\DTS\Binn\;C:\Program Files (x86)\Microsoft SQL Server\120\DTS\Binn\;C:\Program Files (x86)\Microsoft SQL Server\130\DTS\Binn\;C:\WINDOWS\System32\OpenSSH\;C:\Program Files\Microsoft VS Code\bin;C:\Program Files\Java\jdk1.8.0_181\bin;C:\Program Files\kotlinc\bin\;C:\Users\Andre\AppData\Local\Programs\Python\Python36-32\Scripts\;C:\Users\Andre\AppData\Local\Programs\Python\Python36-32\;C:\Users\Andre\AppData\Local\Microsoft\WindowsApps;C:\Users\Andre\AppData\Roaming\npm;C:\Program Files\Microsoft VS Code\bin;C:\Users\Andre\AppData\Local\GitHubDesktop\bin;%USERPROFILE%\AppData\Local\Microsoft\WindowsApps;
USERNAME=Andre2
OS=Windows_NT
PROCESSOR_IDENTIFIER=Intel64 Family 6 Model 60 Stepping 3, GenuineIntel



---------------  S Y S T E M  ---------------

OS: Windows 10.0 , 64 bit Build 17763 (10.0.17763.1)

CPU:total 4 (initial active 4) (2 cores per cpu, 2 threads per core) family 6 model 60 stepping 3, cmov, cx8, fxsr, mmx, sse, sse2, sse3, ssse3, sse4.1, sse4.2, popcnt, avx, avx2, aes, clmul, erms, lzcnt, ht, tsc, tscinvbit, bmi1, bmi2

Memory: 4k page, physical 16680492k(6025276k free), swap 22242860k(7767480k free)

vm_info: OpenJDK 64-Bit Server VM (25.152-b06) for windows-amd64 JRE (1.8.0_152-release-1136-b06), built by "builder" with MS VC++ 10.0 (VS2010)

time: Wed Oct 24 17:06:48 2018
elapsed time: 793 seconds (0d 0h 13m 13s)

